0 info it worked if it ends with ok
1 verbose cli [ 'C:\\Program Files\\nodejs\\node.exe',
1 verbose cli   'C:\\Program Files\\nodejs\\node_modules\\npm\\bin\\npm-cli.js',
1 verbose cli   'update' ]
2 info using npm@3.10.8
3 info using node@v6.9.1
4 silly mapToRegistry name connect
5 silly mapToRegistry using default registry
6 silly mapToRegistry registry https://registry.npmjs.org/
7 silly mapToRegistry data Result {
7 silly mapToRegistry   raw: 'connect',
7 silly mapToRegistry   scope: null,
7 silly mapToRegistry   escapedName: 'connect',
7 silly mapToRegistry   name: 'connect',
7 silly mapToRegistry   rawSpec: '',
7 silly mapToRegistry   spec: 'latest',
7 silly mapToRegistry   type: 'tag' }
8 silly mapToRegistry uri https://registry.npmjs.org/connect
9 silly mapToRegistry name express
10 silly mapToRegistry using default registry
11 silly mapToRegistry registry https://registry.npmjs.org/
12 silly mapToRegistry data Result {
12 silly mapToRegistry   raw: 'express',
12 silly mapToRegistry   scope: null,
12 silly mapToRegistry   escapedName: 'express',
12 silly mapToRegistry   name: 'express',
12 silly mapToRegistry   rawSpec: '',
12 silly mapToRegistry   spec: 'latest',
12 silly mapToRegistry   type: 'tag' }
13 silly mapToRegistry uri https://registry.npmjs.org/express
14 silly mapToRegistry name jwt-simple
15 silly mapToRegistry using default registry
16 silly mapToRegistry registry https://registry.npmjs.org/
17 silly mapToRegistry data Result {
17 silly mapToRegistry   raw: 'jwt-simple',
17 silly mapToRegistry   scope: null,
17 silly mapToRegistry   escapedName: 'jwt-simple',
17 silly mapToRegistry   name: 'jwt-simple',
17 silly mapToRegistry   rawSpec: '',
17 silly mapToRegistry   spec: 'latest',
17 silly mapToRegistry   type: 'tag' }
18 silly mapToRegistry uri https://registry.npmjs.org/jwt-simple
19 silly mapToRegistry name mongoose
20 silly mapToRegistry using default registry
21 silly mapToRegistry registry https://registry.npmjs.org/
22 silly mapToRegistry data Result {
22 silly mapToRegistry   raw: 'mongoose',
22 silly mapToRegistry   scope: null,
22 silly mapToRegistry   escapedName: 'mongoose',
22 silly mapToRegistry   name: 'mongoose',
22 silly mapToRegistry   rawSpec: '',
22 silly mapToRegistry   spec: 'latest',
22 silly mapToRegistry   type: 'tag' }
23 silly mapToRegistry uri https://registry.npmjs.org/mongoose
24 verbose request uri https://registry.npmjs.org/connect
25 verbose request no auth needed
26 info attempt registry request try #1 at 20:32:21
27 verbose request id 8afbc13dc91061d2
28 http request GET https://registry.npmjs.org/connect
29 verbose request uri https://registry.npmjs.org/jwt-simple
30 verbose request no auth needed
31 info attempt registry request try #1 at 20:32:21
32 http request GET https://registry.npmjs.org/jwt-simple
33 verbose request uri https://registry.npmjs.org/express
34 verbose request no auth needed
35 info attempt registry request try #1 at 20:32:21
36 verbose etag W/"584a1c93-85377"
37 verbose lastModified Fri, 09 Dec 2016 02:53:07 GMT
38 http request GET https://registry.npmjs.org/express
39 verbose request uri https://registry.npmjs.org/mongoose
40 verbose request no auth needed
41 info attempt registry request try #1 at 20:32:21
42 verbose etag W/"584a54dc-828d2"
43 verbose lastModified Fri, 09 Dec 2016 06:53:16 GMT
44 http request GET https://registry.npmjs.org/mongoose
45 http 200 https://registry.npmjs.org/jwt-simple
46 verbose headers { server: 'nginx/1.10.1',
46 verbose headers   'content-type': 'application/json',
46 verbose headers   'last-modified': 'Tue, 20 Dec 2016 03:46:29 GMT',
46 verbose headers   etag: 'W/"5858a995-3061"',
46 verbose headers   'content-encoding': 'gzip',
46 verbose headers   'cache-control': 'max-age=300',
46 verbose headers   'content-length': '2759',
46 verbose headers   'accept-ranges': 'bytes',
46 verbose headers   date: 'Tue, 20 Dec 2016 13:32:25 GMT',
46 verbose headers   via: '1.1 varnish',
46 verbose headers   age: '153',
46 verbose headers   connection: 'keep-alive',
46 verbose headers   'x-served-by': 'cache-sin6920-SIN',
46 verbose headers   'x-cache': 'HIT',
46 verbose headers   'x-cache-hits': '2',
46 verbose headers   'x-timer': 'S1482240745.219829,VS0,VE0',
46 verbose headers   vary: 'Accept-Encoding' }
47 silly get cb [ 200,
47 silly get   { server: 'nginx/1.10.1',
47 silly get     'content-type': 'application/json',
47 silly get     'last-modified': 'Tue, 20 Dec 2016 03:46:29 GMT',
47 silly get     etag: 'W/"5858a995-3061"',
47 silly get     'content-encoding': 'gzip',
47 silly get     'cache-control': 'max-age=300',
47 silly get     'content-length': '2759',
47 silly get     'accept-ranges': 'bytes',
47 silly get     date: 'Tue, 20 Dec 2016 13:32:25 GMT',
47 silly get     via: '1.1 varnish',
47 silly get     age: '153',
47 silly get     connection: 'keep-alive',
47 silly get     'x-served-by': 'cache-sin6920-SIN',
47 silly get     'x-cache': 'HIT',
47 silly get     'x-cache-hits': '2',
47 silly get     'x-timer': 'S1482240745.219829,VS0,VE0',
47 silly get     vary: 'Accept-Encoding' } ]
48 verbose get saving jwt-simple to C:\Users\PC\AppData\Roaming\npm-cache\registry.npmjs.org\jwt-simple\.cache.json
49 verbose correctMkdir C:\Users\PC\AppData\Roaming\npm-cache correctMkdir not in flight; initializing
50 http 200 https://registry.npmjs.org/connect
51 verbose headers { server: 'nginx/1.10.1',
51 verbose headers   'content-type': 'application/json',
51 verbose headers   'last-modified': 'Mon, 12 Dec 2016 14:14:05 GMT',
51 verbose headers   etag: 'W/"584eb0ad-524de"',
51 verbose headers   'content-encoding': 'gzip',
51 verbose headers   'cache-control': 'max-age=300',
51 verbose headers   'content-length': '24215',
51 verbose headers   'accept-ranges': 'bytes',
51 verbose headers   date: 'Tue, 20 Dec 2016 13:32:25 GMT',
51 verbose headers   via: '1.1 varnish',
51 verbose headers   age: '88',
51 verbose headers   connection: 'keep-alive',
51 verbose headers   'x-served-by': 'cache-sin6925-SIN',
51 verbose headers   'x-cache': 'HIT',
51 verbose headers   'x-cache-hits': '1',
51 verbose headers   'x-timer': 'S1482240745.174429,VS0,VE0',
51 verbose headers   vary: 'Accept-Encoding' }
52 silly get cb [ 200,
52 silly get   { server: 'nginx/1.10.1',
52 silly get     'content-type': 'application/json',
52 silly get     'last-modified': 'Mon, 12 Dec 2016 14:14:05 GMT',
52 silly get     etag: 'W/"584eb0ad-524de"',
52 silly get     'content-encoding': 'gzip',
52 silly get     'cache-control': 'max-age=300',
52 silly get     'content-length': '24215',
52 silly get     'accept-ranges': 'bytes',
52 silly get     date: 'Tue, 20 Dec 2016 13:32:25 GMT',
52 silly get     via: '1.1 varnish',
52 silly get     age: '88',
52 silly get     connection: 'keep-alive',
52 silly get     'x-served-by': 'cache-sin6925-SIN',
52 silly get     'x-cache': 'HIT',
52 silly get     'x-cache-hits': '1',
52 silly get     'x-timer': 'S1482240745.174429,VS0,VE0',
52 silly get     vary: 'Accept-Encoding' } ]
53 verbose get saving connect to C:\Users\PC\AppData\Roaming\npm-cache\registry.npmjs.org\connect\.cache.json
54 verbose correctMkdir C:\Users\PC\AppData\Roaming\npm-cache correctMkdir not in flight; initializing
55 http 200 https://registry.npmjs.org/mongoose
56 verbose headers { server: 'nginx/1.10.1',
56 verbose headers   'content-type': 'application/json',
56 verbose headers   'last-modified': 'Tue, 20 Dec 2016 03:44:24 GMT',
56 verbose headers   etag: 'W/"5858a918-83c43"',
56 verbose headers   'content-encoding': 'gzip',
56 verbose headers   'cache-control': 'max-age=300',
56 verbose headers   'content-length': '41304',
56 verbose headers   'accept-ranges': 'bytes',
56 verbose headers   date: 'Tue, 20 Dec 2016 13:32:25 GMT',
56 verbose headers   via: '1.1 varnish',
56 verbose headers   age: '153',
56 verbose headers   connection: 'keep-alive',
56 verbose headers   'x-served-by': 'cache-sin6920-SIN',
56 verbose headers   'x-cache': 'HIT',
56 verbose headers   'x-cache-hits': '2',
56 verbose headers   'x-timer': 'S1482240745.167879,VS0,VE0',
56 verbose headers   vary: 'Accept-Encoding' }
57 silly get cb [ 200,
57 silly get   { server: 'nginx/1.10.1',
57 silly get     'content-type': 'application/json',
57 silly get     'last-modified': 'Tue, 20 Dec 2016 03:44:24 GMT',
57 silly get     etag: 'W/"5858a918-83c43"',
57 silly get     'content-encoding': 'gzip',
57 silly get     'cache-control': 'max-age=300',
57 silly get     'content-length': '41304',
57 silly get     'accept-ranges': 'bytes',
57 silly get     date: 'Tue, 20 Dec 2016 13:32:25 GMT',
57 silly get     via: '1.1 varnish',
57 silly get     age: '153',
57 silly get     connection: 'keep-alive',
57 silly get     'x-served-by': 'cache-sin6920-SIN',
57 silly get     'x-cache': 'HIT',
57 silly get     'x-cache-hits': '2',
57 silly get     'x-timer': 'S1482240745.167879,VS0,VE0',
57 silly get     vary: 'Accept-Encoding' } ]
58 verbose get saving mongoose to C:\Users\PC\AppData\Roaming\npm-cache\registry.npmjs.org\mongoose\.cache.json
59 verbose correctMkdir C:\Users\PC\AppData\Roaming\npm-cache correctMkdir not in flight; initializing
60 http 200 https://registry.npmjs.org/express
61 verbose headers { server: 'nginx/1.10.1',
61 verbose headers   'content-type': 'application/json',
61 verbose headers   'last-modified': 'Tue, 20 Dec 2016 09:06:32 GMT',
61 verbose headers   etag: 'W/"5858f498-85473"',
61 verbose headers   'content-encoding': 'gzip',
61 verbose headers   'cache-control': 'max-age=300',
61 verbose headers   'content-length': '40816',
61 verbose headers   'accept-ranges': 'bytes',
61 verbose headers   date: 'Tue, 20 Dec 2016 13:32:25 GMT',
61 verbose headers   via: '1.1 varnish',
61 verbose headers   age: '113',
61 verbose headers   connection: 'keep-alive',
61 verbose headers   'x-served-by': 'cache-sin6926-SIN',
61 verbose headers   'x-cache': 'HIT',
61 verbose headers   'x-cache-hits': '7',
61 verbose headers   'x-timer': 'S1482240745.162566,VS0,VE0',
61 verbose headers   vary: 'Accept-Encoding' }
62 silly get cb [ 200,
62 silly get   { server: 'nginx/1.10.1',
62 silly get     'content-type': 'application/json',
62 silly get     'last-modified': 'Tue, 20 Dec 2016 09:06:32 GMT',
62 silly get     etag: 'W/"5858f498-85473"',
62 silly get     'content-encoding': 'gzip',
62 silly get     'cache-control': 'max-age=300',
62 silly get     'content-length': '40816',
62 silly get     'accept-ranges': 'bytes',
62 silly get     date: 'Tue, 20 Dec 2016 13:32:25 GMT',
62 silly get     via: '1.1 varnish',
62 silly get     age: '113',
62 silly get     connection: 'keep-alive',
62 silly get     'x-served-by': 'cache-sin6926-SIN',
62 silly get     'x-cache': 'HIT',
62 silly get     'x-cache-hits': '7',
62 silly get     'x-timer': 'S1482240745.162566,VS0,VE0',
62 silly get     vary: 'Accept-Encoding' } ]
63 verbose get saving express to C:\Users\PC\AppData\Roaming\npm-cache\registry.npmjs.org\express\.cache.json
64 verbose correctMkdir C:\Users\PC\AppData\Roaming\npm-cache correctMkdir not in flight; initializing
65 verbose outdated not updating connect because it's currently at the maximum version that matches its specified semver range
66 info outdated updating [ { dep:
66 info outdated      Node {
66 info outdated        id: 51,
66 info outdated        package: [Object],
66 info outdated        path: 'D:\\Driver\\Nodejs\\bestuse\\node_modules\\mongoose',
66 info outdated        realpath: 'D:\\Driver\\Nodejs\\bestuse\\node_modules\\mongoose',
66 info outdated        parent: [Object],
66 info outdated        isLink: false,
66 info outdated        children: [Object],
66 info outdated        error: null,
66 info outdated        loaded: false,
66 info outdated        requiredBy: [Object],
66 info outdated        requires: [Object],
66 info outdated        missingDeps: {},
66 info outdated        missingDevDeps: {},
66 info outdated        phantomChildren: {},
66 info outdated        location: '/mongoose',
66 info outdated        userRequired: false,
66 info outdated        existing: false,
66 info outdated        isTop: false,
66 info outdated        resolved: [Object] },
66 info outdated     depname: 'mongoose',
66 info outdated     current: '4.7.2',
66 info outdated     wanted: '4.7.4',
66 info outdated     latest: '4.7.4',
66 info outdated     req: '^4.7.2',
66 info outdated     what: 'mongoose@4.7.4' } ]
67 silly loadCurrentTree Starting
68 silly install loadCurrentTree
69 silly install readLocalPackageData
70 silly fetchPackageMetaData mongoose@4.7.4
71 silly fetchNamedPackageData mongoose
72 silly mapToRegistry name mongoose
73 silly mapToRegistry using default registry
74 silly mapToRegistry registry https://registry.npmjs.org/
75 silly mapToRegistry data Result {
75 silly mapToRegistry   raw: 'mongoose',
75 silly mapToRegistry   scope: null,
75 silly mapToRegistry   escapedName: 'mongoose',
75 silly mapToRegistry   name: 'mongoose',
75 silly mapToRegistry   rawSpec: '',
75 silly mapToRegistry   spec: 'latest',
75 silly mapToRegistry   type: 'tag' }
76 silly mapToRegistry uri https://registry.npmjs.org/mongoose
77 verbose get https://registry.npmjs.org/mongoose not expired, no request
78 silly install normalizeTree
79 silly loadCurrentTree Finishing
80 silly loadIdealTree Starting
81 silly install loadIdealTree
82 silly cloneCurrentTree Starting
83 silly install cloneCurrentTreeToIdealTree
84 silly cloneCurrentTree Finishing
85 silly loadShrinkwrap Starting
86 silly install loadShrinkwrap
87 silly loadShrinkwrap Finishing
88 silly loadAllDepsIntoIdealTree Starting
89 silly install loadAllDepsIntoIdealTree
90 silly resolveWithNewModule mongoose@4.7.4 checking installable status
91 silly cache add args [ 'mongoose@4.7.4', null ]
92 verbose cache add spec mongoose@4.7.4
93 silly cache add parsed spec Result {
93 silly cache add   raw: 'mongoose@4.7.4',
93 silly cache add   scope: null,
93 silly cache add   escapedName: 'mongoose',
93 silly cache add   name: 'mongoose',
93 silly cache add   rawSpec: '4.7.4',
93 silly cache add   spec: '4.7.4',
93 silly cache add   type: 'version' }
94 silly addNamed mongoose@4.7.4
95 verbose addNamed "4.7.4" is a plain semver version for mongoose
96 silly mapToRegistry name mongoose
97 silly mapToRegistry using default registry
98 silly mapToRegistry registry https://registry.npmjs.org/
99 silly mapToRegistry data Result {
99 silly mapToRegistry   raw: 'mongoose',
99 silly mapToRegistry   scope: null,
99 silly mapToRegistry   escapedName: 'mongoose',
99 silly mapToRegistry   name: 'mongoose',
99 silly mapToRegistry   rawSpec: '',
99 silly mapToRegistry   spec: 'latest',
99 silly mapToRegistry   type: 'tag' }
100 silly mapToRegistry uri https://registry.npmjs.org/mongoose
101 verbose addNameVersion registry:https://registry.npmjs.org/mongoose not in flight; fetching
102 verbose get https://registry.npmjs.org/mongoose not expired, no request
103 silly mapToRegistry name mongoose
104 silly mapToRegistry using default registry
105 silly mapToRegistry registry https://registry.npmjs.org/
106 silly mapToRegistry data Result {
106 silly mapToRegistry   raw: 'mongoose',
106 silly mapToRegistry   scope: null,
106 silly mapToRegistry   escapedName: 'mongoose',
106 silly mapToRegistry   name: 'mongoose',
106 silly mapToRegistry   rawSpec: '',
106 silly mapToRegistry   spec: 'latest',
106 silly mapToRegistry   type: 'tag' }
107 silly mapToRegistry uri https://registry.npmjs.org/mongoose
108 verbose addRemoteTarball https://registry.npmjs.org/mongoose/-/mongoose-4.7.4.tgz not in flight; adding
109 verbose addRemoteTarball [ 'https://registry.npmjs.org/mongoose/-/mongoose-4.7.4.tgz',
109 verbose addRemoteTarball   'e92e16ec75ad62f3b56f7209612d65dd25b3f0bd' ]
110 verbose stack Error: kill ENOSYS
110 verbose stack     at exports._errnoException (util.js:1026:11)
110 verbose stack     at process.kill (internal/process.js:172:13)
110 verbose stack     at process.listener (C:\Program Files\nodejs\node_modules\npm\node_modules\npmlog\node_modules\gauge\node_modules\signal-exit\index.js:86:15)
110 verbose stack     at emitNone (events.js:91:20)
110 verbose stack     at process.emit (events.js:185:7)
110 verbose stack     at processEmit (C:\Program Files\nodejs\node_modules\npm\node_modules\npmlog\node_modules\gauge\node_modules\signal-exit\index.js:146:32)
110 verbose stack     at processEmit (C:\Program Files\nodejs\node_modules\npm\node_modules\npm-registry-client\node_modules\npmlog\node_modules\gauge\node_modules\signal-exit\index.js:146:32)
110 verbose stack     at Signal.wrap.onsignal (internal/process.js:199:44)
111 verbose cwd D:\Driver\Nodejs\bestuse
112 error Windows_NT 6.2.9200
113 error argv "C:\\Program Files\\nodejs\\node.exe" "C:\\Program Files\\nodejs\\node_modules\\npm\\bin\\npm-cli.js" "update"
114 error node v6.9.1
115 error npm  v3.10.8
116 error code ENOSYS
117 error errno ENOSYS
118 error syscall kill
119 error kill ENOSYS
120 error If you need help, you may report this error at:
120 error     <https://github.com/npm/npm/issues>
121 verbose exit [ 1, true ]
